<?xml version="1.0" encoding="UTF-8"?>
<!-- Generated by org.testng.reporters.JUnitReportReporter -->
<testsuite skipped="0" hostname="IBM931-PC073D58" name="com.training.sanity.tests.ELTC_021_Course" tests="2" failures="0" timestamp="21 Dec 2018 10:14:53 GMT" time="39.423" errors="0">
  <testcase name="validLoginTest" time="16.396" classname="com.training.sanity.tests.ELTC_021_Course"/>
  <testcase name="courselistTest" time="23.027" classname="com.training.sanity.tests.ELTC_021_Course"/>
</testsuite> <!-- com.training.sanity.tests.ELTC_021_Course -->
