<?xml version="1.0" encoding="UTF-8"?>
<!-- Generated by org.testng.reporters.JUnitReportReporter -->
<testsuite skipped="0" hostname="IBM931-PC073D58" name="com.training.sanity.tests.ELTC_021_Courselist" tests="2" failures="0" timestamp="21 Dec 2018 10:28:15 GMT" time="71.439" errors="0">
  <testcase name="validLoginTest" time="48.623" classname="com.training.sanity.tests.ELTC_021_Courselist"/>
  <testcase name="courselistTest" time="22.816" classname="com.training.sanity.tests.ELTC_021_Courselist"/>
</testsuite> <!-- com.training.sanity.tests.ELTC_021_Courselist -->
