<?xml version="1.0" encoding="UTF-8"?>
<!-- Generated by org.testng.reporters.JUnitReportReporter -->
<testsuite skipped="0" hostname="IBM931-PC073D58" name="com.training.sanity.tests.ELTC_054_Teachers" tests="2" failures="0" timestamp="28 Dec 2018 18:15:04 GMT" time="76.806" errors="0">
  <testcase name="validLoginTest" time="16.419" classname="com.training.sanity.tests.ELTC_054_Teachers"/>
  <testcase name="ReportingTest" time="60.387" classname="com.training.sanity.tests.ELTC_054_Teachers"/>
</testsuite> <!-- com.training.sanity.tests.ELTC_054_Teachers -->
