<?xml version="1.0" encoding="UTF-8"?>
<!-- Generated by org.testng.reporters.JUnitReportReporter -->
<testsuite skipped="0" hostname="IBM931-PC073D58" name="com.training.sanity.tests.ELTC_023_Add_users_course" tests="2" failures="0" timestamp="21 Dec 2018 10:53:55 GMT" time="36.440" errors="0">
  <testcase name="validLoginTest" time="17.098" classname="com.training.sanity.tests.ELTC_023_Add_users_course"/>
  <testcase name="AddcourseTest" time="19.342" classname="com.training.sanity.tests.ELTC_023_Add_users_course"/>
</testsuite> <!-- com.training.sanity.tests.ELTC_023_Add_users_course -->
