<?xml version="1.0" encoding="UTF-8"?>
<!-- Generated by org.testng.reporters.JUnitReportReporter -->
<testsuite skipped="0" hostname="IBM931-PC073D58" name="com.training.sanity.tests.ELTC_055_Careers" tests="2" failures="0" timestamp="09 Jan 2019 08:53:12 GMT" time="33.791" errors="0">
  <testcase name="validLoginTest" time="6.126" classname="com.training.sanity.tests.ELTC_055_Careers"/>
  <testcase name="ReportingTest" time="27.665" classname="com.training.sanity.tests.ELTC_055_Careers"/>
</testsuite> <!-- com.training.sanity.tests.ELTC_055_Careers -->
