<?xml version="1.0" encoding="UTF-8"?>
<!-- Generated by org.testng.reporters.JUnitReportReporter -->
<testsuite skipped="0" hostname="IBM931-PC073D58" name="com.training.sanity.tests.ELTC_054_Teachers" tests="2" failures="0" timestamp="03 Jan 2019 15:31:49 GMT" time="31.101" errors="0">
  <testcase name="validLoginTest" time="5.467" classname="com.training.sanity.tests.ELTC_054_Teachers"/>
  <testcase name="ReportingTest" time="25.634" classname="com.training.sanity.tests.ELTC_054_Teachers"/>
</testsuite> <!-- com.training.sanity.tests.ELTC_054_Teachers -->
