<?xml version="1.0" encoding="UTF-8"?>
<!-- Generated by org.testng.reporters.JUnitReportReporter -->
<testsuite skipped="0" hostname="IBM931-PC073D58" name="com.training.sanity.tests.ELTC_052_SessionCategories" tests="2" failures="0" timestamp="03 Jan 2019 15:31:49 GMT" time="29.385" errors="0">
  <testcase name="validLoginTest" time="5.244" classname="com.training.sanity.tests.ELTC_052_SessionCategories"/>
  <testcase name="SessionCategoriesTest" time="24.141" classname="com.training.sanity.tests.ELTC_052_SessionCategories"/>
</testsuite> <!-- com.training.sanity.tests.ELTC_052_SessionCategories -->
