<?xml version="1.0" encoding="UTF-8"?>
<!-- Generated by org.testng.reporters.JUnitReportReporter -->
<testsuite skipped="0" hostname="IBM931-PC073D58" name="com.training.sanity.tests.ELTC_085" tests="2" failures="0" timestamp="16 Jan 2019 14:34:37 GMT" time="26.455" errors="0">
  <testcase name="validLoginTest" time="5.697" classname="com.training.sanity.tests.ELTC_085"/>
  <testcase name="AdduserTest" time="20.758" classname="com.training.sanity.tests.ELTC_085"/>
</testsuite> <!-- com.training.sanity.tests.ELTC_085 -->
