<?xml version="1.0" encoding="UTF-8"?>
<!-- Generated by org.testng.reporters.JUnitReportReporter -->
<testsuite skipped="0" hostname="IBM931-PC073D58" name="com.training.sanity.tests.ELTC_051_Userlist" tests="2" failures="0" timestamp="03 Jan 2019 15:31:49 GMT" time="16.432" errors="0">
  <testcase name="validLoginTest" time="6.242" classname="com.training.sanity.tests.ELTC_051_Userlist"/>
  <testcase name="userlistTest" time="10.190" classname="com.training.sanity.tests.ELTC_051_Userlist"/>
</testsuite> <!-- com.training.sanity.tests.ELTC_051_Userlist -->
