<?xml version="1.0" encoding="UTF-8"?>
<!-- Generated by org.testng.reporters.JUnitReportReporter -->
<testsuite skipped="0" hostname="IBM931-PC073D58" name="com.training.regression.tests.ELTC_081_Test" tests="5" failures="0" timestamp="16 Jan 2019 14:21:04 GMT" time="89.229" errors="0">
  <testcase name="validLoginTest" time="9.703" classname="com.training.regression.tests.ELTC_081_Test"/>
  <testcase name="loginTest" time="28.953" classname="com.training.regression.tests.ELTC_081_Test"/>
  <testcase name="loginTest" time="16.868" classname="com.training.regression.tests.ELTC_081_Test"/>
  <testcase name="loginTest" time="18.277" classname="com.training.regression.tests.ELTC_081_Test"/>
  <testcase name="loginTest" time="15.428" classname="com.training.regression.tests.ELTC_081_Test"/>
</testsuite> <!-- com.training.regression.tests.ELTC_081_Test -->
