<?xml version="1.0" encoding="UTF-8"?>
<!-- Generated by org.testng.reporters.JUnitReportReporter -->
<testsuite skipped="0" hostname="IBM931-PC073D58" name="com.training.sanity.tests.ELTC_051_Userlist" tests="2" failures="0" timestamp="28 Dec 2018 18:15:04 GMT" time="43.249" errors="0">
  <testcase name="validLoginTest" time="17.081" classname="com.training.sanity.tests.ELTC_051_Userlist"/>
  <testcase name="userlistTest" time="26.168" classname="com.training.sanity.tests.ELTC_051_Userlist"/>
</testsuite> <!-- com.training.sanity.tests.ELTC_051_Userlist -->
