<?xml version="1.0" encoding="UTF-8"?>
<!-- Generated by org.testng.reporters.JUnitReportReporter -->
<testsuite skipped="0" hostname="IBM931-PC073D58" name="com.training.sanity.tests.ELTC_054_Teachers" tests="2" failures="0" timestamp="09 Jan 2019 08:51:20 GMT" time="42.117" errors="0">
  <testcase name="validLoginTest" time="6.864" classname="com.training.sanity.tests.ELTC_054_Teachers"/>
  <testcase name="ReportingTest" time="35.253" classname="com.training.sanity.tests.ELTC_054_Teachers"/>
</testsuite> <!-- com.training.sanity.tests.ELTC_054_Teachers -->
