<?xml version="1.0" encoding="UTF-8"?>
<!-- Generated by org.testng.reporters.JUnitReportReporter -->
<testsuite skipped="0" hostname="IBM931-PC073D58" name="com.training.sanity.tests.ELTC_082" tests="2" failures="0" timestamp="16 Jan 2019 13:41:17 GMT" time="37.655" errors="0">
  <testcase name="LoginTest1" time="6.543" classname="com.training.sanity.tests.ELTC_082"/>
  <testcase name="Test1" time="31.112" classname="com.training.sanity.tests.ELTC_082"/>
</testsuite> <!-- com.training.sanity.tests.ELTC_082 -->
