<?xml version="1.0" encoding="UTF-8"?>
<!-- Generated by org.testng.reporters.JUnitReportReporter -->
<testsuite skipped="0" hostname="IBM931-PC073D58" name="com.training.sanity.tests.ELTC_053_Reporting" tests="2" failures="0" timestamp="03 Jan 2019 15:31:49 GMT" time="28.370" errors="0">
  <testcase name="validLoginTest" time="7.902" classname="com.training.sanity.tests.ELTC_053_Reporting"/>
  <testcase name="ReportingTest" time="20.468" classname="com.training.sanity.tests.ELTC_053_Reporting"/>
</testsuite> <!-- com.training.sanity.tests.ELTC_053_Reporting -->
