<?xml version="1.0" encoding="UTF-8"?>
<!-- Generated by org.testng.reporters.JUnitReportReporter -->
<testsuite skipped="0" hostname="IBM931-PC073D58" name="com.training.sanity.tests.LoginTests" tests="1" failures="0" timestamp="21 Dec 2018 10:53:55 GMT" time="51.289" errors="0">
  <testcase name="validLoginTest" time="51.289" classname="com.training.sanity.tests.LoginTests"/>
</testsuite> <!-- com.training.sanity.tests.LoginTests -->
