<?xml version="1.0" encoding="UTF-8"?>
<!-- Generated by org.testng.reporters.JUnitReportReporter -->
<testsuite skipped="0" hostname="IBM931-PC073D58" name="com.training.sanity.tests.ELTC_053_Reporting" tests="2" failures="0" timestamp="09 Jan 2019 12:17:06 GMT" time="39.220" errors="0">
  <testcase name="validLoginTest" time="6.035" classname="com.training.sanity.tests.ELTC_053_Reporting"/>
  <testcase name="ReportingTest" time="33.185" classname="com.training.sanity.tests.ELTC_053_Reporting"/>
</testsuite> <!-- com.training.sanity.tests.ELTC_053_Reporting -->
