<?xml version="1.0" encoding="UTF-8"?>
<!-- Generated by org.testng.reporters.JUnitReportReporter -->
<testsuite skipped="0" hostname="IBM931-PC073D58" name="com.training.sanity.tests.ELTC_022_Create_Course_link" tests="2" failures="0" timestamp="21 Dec 2018 10:53:55 GMT" time="44.026" errors="0">
  <testcase name="validLoginTest" time="17.629" classname="com.training.sanity.tests.ELTC_022_Create_Course_link"/>
  <testcase name="createcourseTest" time="26.397" classname="com.training.sanity.tests.ELTC_022_Create_Course_link"/>
</testsuite> <!-- com.training.sanity.tests.ELTC_022_Create_Course_link -->
