<?xml version="1.0" encoding="UTF-8"?>
<!-- Generated by org.testng.reporters.JUnitReportReporter -->
<testsuite skipped="0" hostname="IBM931-PC073D58" name="com.training.sanity.tests.ELTC_055_Careers" tests="2" failures="0" timestamp="03 Jan 2019 15:31:49 GMT" time="35.943" errors="0">
  <testcase name="validLoginTest" time="4.656" classname="com.training.sanity.tests.ELTC_055_Careers"/>
  <testcase name="ReportingTest" time="31.287" classname="com.training.sanity.tests.ELTC_055_Careers"/>
</testsuite> <!-- com.training.sanity.tests.ELTC_055_Careers -->
