<?xml version="1.0" encoding="UTF-8"?>
<!-- Generated by org.testng.reporters.JUnitReportReporter -->
<testsuite skipped="0" hostname="IBM931-PC073D58" name="com.training.sanity.tests.ELTC_053_Reporting" tests="2" failures="0" timestamp="28 Dec 2018 18:15:04 GMT" time="66.474" errors="0">
  <testcase name="validLoginTest" time="15.998" classname="com.training.sanity.tests.ELTC_053_Reporting"/>
  <testcase name="ReportingTest" time="50.476" classname="com.training.sanity.tests.ELTC_053_Reporting"/>
</testsuite> <!-- com.training.sanity.tests.ELTC_053_Reporting -->
