<?xml version="1.0" encoding="UTF-8"?>
<!-- Generated by org.testng.reporters.JUnitReportReporter -->
<testsuite skipped="0" hostname="IBM931-PC073D58" name="com.training.regression.tests.ELTC_083_Test" tests="5" failures="0" timestamp="16 Jan 2019 12:01:14 GMT" time="58.762" errors="0">
  <testcase name="validLoginTest" time="9.844" classname="com.training.regression.tests.ELTC_083_Test"/>
  <testcase name="loginTest" time="11.037" classname="com.training.regression.tests.ELTC_083_Test"/>
  <testcase name="loginTest" time="12.182" classname="com.training.regression.tests.ELTC_083_Test"/>
  <testcase name="loginTest" time="12.759" classname="com.training.regression.tests.ELTC_083_Test"/>
  <testcase name="loginTest" time="12.940" classname="com.training.regression.tests.ELTC_083_Test"/>
</testsuite> <!-- com.training.regression.tests.ELTC_083_Test -->
