<?xml version="1.0" encoding="UTF-8"?>
<!-- Generated by org.testng.reporters.JUnitReportReporter -->
<testsuite skipped="0" hostname="IBM931-PC073D58" name="com.training.sanity.tests.ELTC_024_Courses_Categories" tests="2" failures="0" timestamp="21 Dec 2018 10:53:55 GMT" time="49.191" errors="0">
  <testcase name="validLoginTest" time="21.903" classname="com.training.sanity.tests.ELTC_024_Courses_Categories"/>
  <testcase name="coursecategoriesTest" time="27.288" classname="com.training.sanity.tests.ELTC_024_Courses_Categories"/>
</testsuite> <!-- com.training.sanity.tests.ELTC_024_Courses_Categories -->
