<?xml version="1.0" encoding="UTF-8"?>
<!-- Generated by org.testng.reporters.JUnitReportReporter -->
<testsuite skipped="0" hostname="IBM931-PC073D58" name="com.training.sanity.tests.ELTC_025_Delete_category_icon" tests="2" failures="0" timestamp="21 Dec 2018 10:53:55 GMT" time="24.729" errors="0">
  <testcase name="validLoginTest" time="10.100" classname="com.training.sanity.tests.ELTC_025_Delete_category_icon"/>
  <testcase name="createcourseTest" time="14.629" classname="com.training.sanity.tests.ELTC_025_Delete_category_icon"/>
</testsuite> <!-- com.training.sanity.tests.ELTC_025_Delete_category_icon -->
