<?xml version="1.0" encoding="UTF-8"?>
<!-- Generated by org.testng.reporters.JUnitReportReporter -->
<testsuite skipped="0" hostname="IBM931-PC073D58" name="com.training.sanity.tests.ELTC_084" tests="9" failures="0" timestamp="16 Jan 2019 11:35:11 GMT" time="190.823" errors="0">
  <testcase name="LoginTest" time="8.330" classname="com.training.sanity.tests.ELTC_084"/>
  <testcase name="CreateCourseTest" time="48.312" classname="com.training.sanity.tests.ELTC_084"/>
  <testcase name="ProjectTest" time="41.403" classname="com.training.sanity.tests.ELTC_084"/>
  <testcase name="StudentTest" time="4.528" classname="com.training.sanity.tests.ELTC_084"/>
  <testcase name="CourseTest" time="14.420" classname="com.training.sanity.tests.ELTC_084"/>
  <testcase name="LoginTest1" time="16.807" classname="com.training.sanity.tests.ELTC_084"/>
  <testcase name="StudentTest1" time="3.393" classname="com.training.sanity.tests.ELTC_084"/>
  <testcase name="CourseTest1" time="27.224" classname="com.training.sanity.tests.ELTC_084"/>
  <testcase name="LoginTest2" time="26.406" classname="com.training.sanity.tests.ELTC_084"/>
</testsuite> <!-- com.training.sanity.tests.ELTC_084 -->
